  main.cpp
D:\Downloads\Final Project\Shorif\Shorif\sphere.h(177,26): warning C4244: 'initializing': conversion from 'double' to 'float', possible loss of data
D:\Downloads\Final Project\Shorif\Shorif\sphere.h(178,25): warning C4244: 'initializing': conversion from 'double' to 'float', possible loss of data
D:\Downloads\Final Project\Shorif\Shorif\sphere.h(180,26): warning C4244: 'initializing': conversion from 'double' to 'float', possible loss of data
D:\Downloads\Final Project\Shorif\Shorif\Sphere2.h(189,26): warning C4244: 'initializing': conversion from 'double' to 'float', possible loss of data
D:\Downloads\Final Project\Shorif\Shorif\Sphere2.h(190,25): warning C4244: 'initializing': conversion from 'double' to 'float', possible loss of data
D:\Downloads\Final Project\Shorif\Shorif\Sphere2.h(192,26): warning C4244: 'initializing': conversion from 'double' to 'float', possible loss of data
D:\Downloads\Final Project\Shorif\Shorif\Sphere2.h(269,26): warning C4244: 'initializing': conversion from 'double' to 'float', possible loss of data
D:\Downloads\Final Project\Shorif\Shorif\Sphere2.h(270,25): warning C4244: 'initializing': conversion from 'double' to 'float', possible loss of data
D:\Downloads\Final Project\Shorif\Shorif\Sphere2.h(274,30): warning C4244: 'initializing': conversion from 'double' to 'float', possible loss of data
D:\Downloads\Final Project\Shorif\Shorif\Sphere2.h(325,26): warning C4244: 'initializing': conversion from 'double' to 'float', possible loss of data
D:\Downloads\Final Project\Shorif\Shorif\Sphere2.h(326,25): warning C4244: 'initializing': conversion from 'double' to 'float', possible loss of data
D:\Downloads\Final Project\Shorif\Shorif\Sphere2.h(331,33): warning C4244: '=': conversion from 'double' to 'float', possible loss of data
D:\Downloads\Final Project\Shorif\Shorif\main.cpp(173,13): warning C4305: 'initializing': truncation from 'double' to 'float'
D:\Downloads\Final Project\Shorif\Shorif\main.cpp(555,29): warning C4305: '=': truncation from 'double' to 'float'
D:\Downloads\Final Project\Shorif\Shorif\main.cpp(716,20): warning C4244: 'initializing': conversion from 'float' to 'int', possible loss of data
D:\Downloads\Final Project\Shorif\Shorif\main.cpp(804,22): warning C4305: 'initializing': truncation from 'double' to 'float'
D:\Downloads\Final Project\Shorif\Shorif\main.cpp(816,56): warning C4305: 'argument': truncation from 'double' to 'float'
D:\Downloads\Final Project\Shorif\Shorif\main.cpp(816,46): warning C4305: 'argument': truncation from 'double' to 'float'
D:\Downloads\Final Project\Shorif\Shorif\main.cpp(828,51): warning C4305: 'argument': truncation from 'double' to 'float'
D:\Downloads\Final Project\Shorif\Shorif\main.cpp(828,46): warning C4305: 'argument': truncation from 'double' to 'float'
D:\Downloads\Final Project\Shorif\Shorif\main.cpp(820,62): warning C4101: 'rotateZMatrix': unreferenced local variable
D:\Downloads\Final Project\Shorif\Shorif\main.cpp(920,30): warning C4305: '=': truncation from 'double' to 'float'
glfw3.lib(init.obj) : warning LNK4099: PDB '' was not found with 'glfw3.lib(init.obj)' or at ''; linking object as if no debug info
glfw3.lib(window.obj) : warning LNK4099: PDB '' was not found with 'glfw3.lib(window.obj)' or at ''; linking object as if no debug info
glfw3.lib(input.obj) : warning LNK4099: PDB '' was not found with 'glfw3.lib(input.obj)' or at ''; linking object as if no debug info
glfw3.lib(context.obj) : warning LNK4099: PDB '' was not found with 'glfw3.lib(context.obj)' or at ''; linking object as if no debug info
glfw3.lib(win32_init.obj) : warning LNK4099: PDB '' was not found with 'glfw3.lib(win32_init.obj)' or at ''; linking object as if no debug info
glfw3.lib(win32_monitor.obj) : warning LNK4099: PDB '' was not found with 'glfw3.lib(win32_monitor.obj)' or at ''; linking object as if no debug info
glfw3.lib(win32_time.obj) : warning LNK4099: PDB '' was not found with 'glfw3.lib(win32_time.obj)' or at ''; linking object as if no debug info
glfw3.lib(win32_thread.obj) : warning LNK4099: PDB '' was not found with 'glfw3.lib(win32_thread.obj)' or at ''; linking object as if no debug info
glfw3.lib(monitor.obj) : warning LNK4099: PDB '' was not found with 'glfw3.lib(monitor.obj)' or at ''; linking object as if no debug info
glfw3.lib(vulkan.obj) : warning LNK4099: PDB '' was not found with 'glfw3.lib(vulkan.obj)' or at ''; linking object as if no debug info
glfw3.lib(win32_window.obj) : warning LNK4099: PDB '' was not found with 'glfw3.lib(win32_window.obj)' or at ''; linking object as if no debug info
glfw3.lib(win32_joystick.obj) : warning LNK4099: PDB '' was not found with 'glfw3.lib(win32_joystick.obj)' or at ''; linking object as if no debug info
glfw3.lib(wgl_context.obj) : warning LNK4099: PDB '' was not found with 'glfw3.lib(wgl_context.obj)' or at ''; linking object as if no debug info
glfw3.lib(egl_context.obj) : warning LNK4099: PDB '' was not found with 'glfw3.lib(egl_context.obj)' or at ''; linking object as if no debug info
glfw3.lib(osmesa_context.obj) : warning LNK4099: PDB '' was not found with 'glfw3.lib(osmesa_context.obj)' or at ''; linking object as if no debug info
  Project2.vcxproj -> D:\Downloads\Final Project\Shorif\Shorif\x64\Debug\Project2.exe
